Using pre-set license
Built from '2021.3/staging' branch; Version is '2021.3.14f1 (eee1884e7226) revision 15655304'; Using compiler version '192829333'; Build Type 'Release'
OS: 'Windows 10  (10.0.19044) 64bit Professional' Language: 'es' Physical Memory: 8174 MB
BatchMode: 1, IsHumanControllingUs: 0, StartBugReporterOnCrash: 0, Is64bit: 1, IsPro: 1

COMMAND LINE ARGUMENTS:
E:\Program Files\Unity\Hub\Editor\2021.3.14f1\Editor\Unity.exe
-adb2
-batchMode
-noUpm
-name
AssetImportWorker2
-projectPath
E:/Users/user/Desktop/Repo Shoot the Puzzle/Myrepository/Entrega Final
-logFile
Logs/AssetImportWorker2.log
-srvPort
64509
Successfully changed project path to: E:/Users/user/Desktop/Repo Shoot the Puzzle/Myrepository/Entrega Final
E:/Users/user/Desktop/Repo Shoot the Puzzle/Myrepository/Entrega Final
[UnityMemory] Configuration Parameters - Can be set up in boot.config
    "memorysetup-bucket-allocator-granularity=16"
    "memorysetup-bucket-allocator-bucket-count=8"
    "memorysetup-bucket-allocator-block-size=33554432"
    "memorysetup-bucket-allocator-block-count=8"
    "memorysetup-main-allocator-block-size=16777216"
    "memorysetup-thread-allocator-block-size=16777216"
    "memorysetup-gfx-main-allocator-block-size=16777216"
    "memorysetup-gfx-thread-allocator-block-size=16777216"
    "memorysetup-cache-allocator-block-size=4194304"
    "memorysetup-typetree-allocator-block-size=2097152"
    "memorysetup-profiler-bucket-allocator-granularity=16"
    "memorysetup-profiler-bucket-allocator-bucket-count=8"
    "memorysetup-profiler-bucket-allocator-block-size=33554432"
    "memorysetup-profiler-bucket-allocator-block-count=8"
    "memorysetup-profiler-allocator-block-size=16777216"
    "memorysetup-profiler-editor-allocator-block-size=1048576"
    "memorysetup-temp-allocator-size-main=16777216"
    "memorysetup-job-temp-allocator-block-size=2097152"
    "memorysetup-job-temp-allocator-block-size-background=1048576"
    "memorysetup-job-temp-allocator-reduction-small-platforms=262144"
    "memorysetup-temp-allocator-size-background-worker=32768"
    "memorysetup-temp-allocator-size-job-worker=262144"
    "memorysetup-temp-allocator-size-preload-manager=33554432"
    "memorysetup-temp-allocator-size-nav-mesh-worker=65536"
    "memorysetup-temp-allocator-size-audio-worker=65536"
    "memorysetup-temp-allocator-size-cloud-worker=32768"
    "memorysetup-temp-allocator-size-gi-baking-worker=262144"
    "memorysetup-temp-allocator-size-gfx=262144"
Refreshing native plugins compatible for Editor in 186.96 ms, found 3 plugins.
Preloading 0 native plugins for Editor in 0.00 ms.
Initialize engine version: 2021.3.14f1 (eee1884e7226)
[Subsystems] Discovering subsystems at path E:/Program Files/Unity/Hub/Editor/2021.3.14f1/Editor/Data/Resources/UnitySubsystems
[Subsystems] Discovering subsystems at path E:/Users/user/Desktop/Repo Shoot the Puzzle/Myrepository/Entrega Final/Assets
GfxDevice: creating device client; threaded=0; jobified=0
Direct3D:
    Version:  Direct3D 11.0 [level 11.1]
    Renderer: AMD Radeon (TM) R7 360 Series (ID=0x665f)
    Vendor:   ATI
    VRAM:     2024 MB
    Driver:   27.20.1034.6
Initialize mono
Mono path[0] = 'E:/Program Files/Unity/Hub/Editor/2021.3.14f1/Editor/Data/Managed'
Mono path[1] = 'E:/Program Files/Unity/Hub/Editor/2021.3.14f1/Editor/Data/MonoBleedingEdge/lib/mono/unityjit-win32'
Mono config path = 'E:/Program Files/Unity/Hub/Editor/2021.3.14f1/Editor/Data/MonoBleedingEdge/etc'
Using monoOptions --debugger-agent=transport=dt_socket,embedding=1,server=y,suspend=n,address=127.0.0.1:56072
Begin MonoManager ReloadAssembly
Registering precompiled unity dll's ...
Register platform support module: E:/Program Files/Unity/Hub/Editor/2021.3.14f1/Editor/Data/PlaybackEngines/WindowsStandaloneSupport/UnityEditor.WindowsStandalone.Extensions.dll
Registered in 0.014843 seconds.
Native extension for WindowsStandalone target not found
Refreshing native plugins compatible for Editor in 173.79 ms, found 3 plugins.
Preloading 0 native plugins for Editor in 0.00 ms.
Mono: successfully reloaded assembly
- Completed reload, in  1.439 seconds
Domain Reload Profiling:
	ReloadAssembly (1440ms)
		BeginReloadAssembly (185ms)
			ExecutionOrderSort (0ms)
			DisableScriptedObjects (0ms)
			BackupInstance (0ms)
			ReleaseScriptingObjects (0ms)
			CreateAndSetChildDomain (1ms)
		EndReloadAssembly (981ms)
			LoadAssemblies (174ms)
			RebuildTransferFunctionScriptingTraits (0ms)
			SetupTypeCache (249ms)
			ReleaseScriptCaches (0ms)
			RebuildScriptCaches (72ms)
			SetupLoadedEditorAssemblies (530ms)
				LogAssemblyErrors (0ms)
				InitializePlatformSupportModulesInManaged (17ms)
				SetLoadedEditorAssemblies (0ms)
				RefreshPlugins (174ms)
				BeforeProcessingInitializeOnLoad (3ms)
				ProcessInitializeOnLoadAttributes (246ms)
				ProcessInitializeOnLoadMethodAttributes (89ms)
				AfterProcessingInitializeOnLoad (0ms)
				EditorAssembliesLoaded (0ms)
			ExecutionOrderSort2 (0ms)
			AwakeInstancesAfterBackupRestoration (0ms)
Platform modules already initialized, skipping
Registering precompiled user dll's ...
Registered in 0.018896 seconds.
Begin MonoManager ReloadAssembly
Native extension for WindowsStandalone target not found
Refreshing native plugins compatible for Editor in 179.08 ms, found 3 plugins.
Preloading 0 native plugins for Editor in 0.00 ms.
Mono: successfully reloaded assembly
- Completed reload, in  2.704 seconds
Domain Reload Profiling:
	ReloadAssembly (2705ms)
		BeginReloadAssembly (254ms)
			ExecutionOrderSort (0ms)
			DisableScriptedObjects (13ms)
			BackupInstance (0ms)
			ReleaseScriptingObjects (0ms)
			CreateAndSetChildDomain (36ms)
		EndReloadAssembly (2190ms)
			LoadAssemblies (226ms)
			RebuildTransferFunctionScriptingTraits (0ms)
			SetupTypeCache (634ms)
			ReleaseScriptCaches (1ms)
			RebuildScriptCaches (122ms)
			SetupLoadedEditorAssemblies (1117ms)
				LogAssemblyErrors (0ms)
				InitializePlatformSupportModulesInManaged (9ms)
				SetLoadedEditorAssemblies (0ms)
				RefreshPlugins (179ms)
				BeforeProcessingInitializeOnLoad (215ms)
				ProcessInitializeOnLoadAttributes (606ms)
				ProcessInitializeOnLoadMethodAttributes (78ms)
				AfterProcessingInitializeOnLoad (29ms)
				EditorAssembliesLoaded (1ms)
			ExecutionOrderSort2 (0ms)
			AwakeInstancesAfterBackupRestoration (12ms)
Platform modules already initialized, skipping
========================================================================
Worker process is ready to serve import requests
Shader 'SimpleURPToonLitExample(With Outline)': fallback shader 'Hidden/Universal Render Pipeline/FallbackError' not found
Shader 'SimpleURPToonLitExample(With Outline)': fallback shader 'Hidden/Universal Render Pipeline/FallbackError' not found
Launched and connected shader compiler UnityShaderCompiler.exe after 0.07 seconds
Refreshing native plugins compatible for Editor in 1.32 ms, found 3 plugins.
Preloading 0 native plugins for Editor in 0.00 ms.
Unloading 4103 Unused Serialized files (Serialized files now loaded: 0)
Unloading 32 unused Assets / (251.6 KB). Loaded Objects now: 4567.
Memory consumption went from 150.6 MB to 150.4 MB.
Total: 6.619600 ms (FindLiveObjects: 0.544200 ms CreateObjectMapping: 0.211900 ms MarkObjects: 5.495100 ms  DeleteObjects: 0.367000 ms)

AssetImportParameters requested are different than current active one (requested -> active):
  custom:video-decoder-ogg-theora: a1e56fd34408186e4bbccfd4996cb3dc -> 
  custom:container-muxer-webm: aa71ff27fc2769a1b78a27578f13a17b -> 
  custom:container-demuxer-webm: 4f35f7cbe854078d1ac9338744f61a02 -> 
  custom:video-encoder-webm-vp8: eb34c28f22e8b96e1ab97ce403110664 -> 
  custom:audio-encoder-webm-vorbis: bf7c407c2cedff20999df2af8eb42d56 -> 
  custom:framework-win-MediaFoundation: 216162199b28c13a410421893ffa2e32 -> 
  custom:container-demuxer-ogg: 62fdf1f143b41e24485cea50d1cbac27 -> 
  custom:video-decoder-webm-vp8: 9c59270c3fd7afecdb556c50c9e8de78 -> 
  custom:audio-decoder-ogg-vorbis: bf7c407c2cedff20999df2af8eb42d56 -> 
========================================================================
Received Import Request.
  Time since last request: 87020.088483 seconds.
  path: Assets/imagenes/fondo.jpg
  artifactKey: Guid(2a486564ec7aade46868039e123c91cf) Importer(815301076,1909f56bfc062723c751e8b465ee728b)
Start importing Assets/imagenes/fondo.jpg using Guid(2a486564ec7aade46868039e123c91cf) Importer(815301076,1909f56bfc062723c751e8b465ee728b)  -> (artifact id: 'c897b59b73fa226bd99b6845d28b4dc0') in 0.181640 seconds 
========================================================================
Received Import Request.
  Time since last request: 15.408087 seconds.
  path: Packages/com.unity.collab-proxy/Editor/PlasticSCM/Assets/Images/stepok@2x.png
  artifactKey: Guid(be340a165cb9c8d4cb50f1deeb51d4ea) Importer(815301076,1909f56bfc062723c751e8b465ee728b)
Start importing Packages/com.unity.collab-proxy/Editor/PlasticSCM/Assets/Images/stepok@2x.png using Guid(be340a165cb9c8d4cb50f1deeb51d4ea) Importer(815301076,1909f56bfc062723c751e8b465ee728b)  -> (artifact id: '63bfcd1d21c79d8c4a66f733a82108f4') in 0.160729 seconds 
========================================================================
Received Import Request.
  Time since last request: 0.976704 seconds.
  path: Packages/com.unity.collab-proxy/Editor/PlasticSCM/Assets/Images/step3@2x.png
  artifactKey: Guid(36e6970b84831434a9eac79abd03700b) Importer(815301076,1909f56bfc062723c751e8b465ee728b)
Start importing Packages/com.unity.collab-proxy/Editor/PlasticSCM/Assets/Images/step3@2x.png using Guid(36e6970b84831434a9eac79abd03700b) Importer(815301076,1909f56bfc062723c751e8b465ee728b)  -> (artifact id: 'deb31f2870ebf98e3b4096ac0e9f9b18') in 0.032547 seconds 
========================================================================
Received Import Request.
  Time since last request: 0.031115 seconds.
  path: Packages/com.unity.collab-proxy/Editor/PlasticSCM/Assets/Images/step2@2x.png
  artifactKey: Guid(0029170d14ce6c04c9f45c22cdae5559) Importer(815301076,1909f56bfc062723c751e8b465ee728b)
Start importing Packages/com.unity.collab-proxy/Editor/PlasticSCM/Assets/Images/step2@2x.png using Guid(0029170d14ce6c04c9f45c22cdae5559) Importer(815301076,1909f56bfc062723c751e8b465ee728b)  -> (artifact id: '6ceea4e057efecf5e5dece0a8d17e41d') in 0.016876 seconds 
========================================================================
Received Import Request.
  Time since last request: 0.017938 seconds.
  path: Packages/com.unity.collab-proxy/Editor/PlasticSCM/Assets/Images/step1@2x.png
  artifactKey: Guid(affeade9874cf2347abb155e8d0db4d8) Importer(815301076,1909f56bfc062723c751e8b465ee728b)
Start importing Packages/com.unity.collab-proxy/Editor/PlasticSCM/Assets/Images/step1@2x.png using Guid(affeade9874cf2347abb155e8d0db4d8) Importer(815301076,1909f56bfc062723c751e8b465ee728b)  -> (artifact id: 'f102e024aeaf6ebe6b6b01291cab8460') in 0.039313 seconds 
========================================================================
Received Import Request.
  Time since last request: 28.007653 seconds.
  path: Assets/imagenes/fondo.jpg
  artifactKey: Guid(2a486564ec7aade46868039e123c91cf) Importer(815301076,1909f56bfc062723c751e8b465ee728b)
Start importing Assets/imagenes/fondo.jpg using Guid(2a486564ec7aade46868039e123c91cf) Importer(815301076,1909f56bfc062723c751e8b465ee728b)  -> (artifact id: 'e80971cdcfca3879de690ea0f17c52d4') in 0.022574 seconds 
========================================================================
Received Import Request.
  Time since last request: 5.263571 seconds.
  path: Assets/imagenes/fondo.jpg
  artifactKey: Guid(2a486564ec7aade46868039e123c91cf) Importer(815301076,1909f56bfc062723c751e8b465ee728b)
Start importing Assets/imagenes/fondo.jpg using Guid(2a486564ec7aade46868039e123c91cf) Importer(815301076,1909f56bfc062723c751e8b465ee728b)  -> (artifact id: '55bc1fdb7aab573f97627549497db992') in 0.036524 seconds 
========================================================================
Received Import Request.
  Time since last request: 18453.906494 seconds.
  path: Assets/imagenes/Sky.exr
  artifactKey: Guid(965be0885e24fa34f85fdd188ec88506) Importer(815301076,1909f56bfc062723c751e8b465ee728b)
Start importing Assets/imagenes/Sky.exr using Guid(965be0885e24fa34f85fdd188ec88506) Importer(815301076,1909f56bfc062723c751e8b465ee728b)  -> (artifact id: '9d3d9e9dc875c5ab76c03f5cf85ae8aa') in 0.264133 seconds 
========================================================================
Received Import Request.
  Time since last request: 113.833334 seconds.
  path: Assets/imagenes/Sky.exr
  artifactKey: Guid(965be0885e24fa34f85fdd188ec88506) Importer(815301076,1909f56bfc062723c751e8b465ee728b)
Start importing Assets/imagenes/Sky.exr using Guid(965be0885e24fa34f85fdd188ec88506) Importer(815301076,1909f56bfc062723c751e8b465ee728b)  -> (artifact id: 'caea8978bdcdf57565af1b6ad6f54116') in 1.326941 seconds 
========================================================================
Received Import Request.
  Time since last request: 43.588333 seconds.
  path: Assets/imagenes/Cielo.mat
  artifactKey: Guid(b685080a03125d747adb5077afa84158) Importer(815301076,1909f56bfc062723c751e8b465ee728b)
Start importing Assets/imagenes/Cielo.mat using Guid(b685080a03125d747adb5077afa84158) Importer(815301076,1909f56bfc062723c751e8b465ee728b)  -> (artifact id: '62e839cc2ffb07ab1a5a296bff66991b') in 0.402662 seconds 
========================================================================
Received Import Request.
  Time since last request: 11282.562903 seconds.
  path: Assets/imagenes/Cielo.mat
  artifactKey: Guid(b685080a03125d747adb5077afa84158) Importer(815301076,1909f56bfc062723c751e8b465ee728b)
Start importing Assets/imagenes/Cielo.mat using Guid(b685080a03125d747adb5077afa84158) Importer(815301076,1909f56bfc062723c751e8b465ee728b)  -> (artifact id: 'a091d05253aefbd48ce2f00ca4e3beeb') in 1.142039 seconds 
